[debug] [2023-02-01T21:27:53.338Z] ----------------------------------------------------------------------
[debug] [2023-02-01T21:27:53.340Z] Command:       /home/bing/dev/lang/nodejs/node-v16.14.0-linux-x64/bin/node /home/bing/dev/lang/nodejs/node-v16.14.0-linux-x64/bin/firebase deploy
[debug] [2023-02-01T21:27:53.340Z] CLI Version:   11.18.0
[debug] [2023-02-01T21:27:53.340Z] Platform:      linux
[debug] [2023-02-01T21:27:53.340Z] Node Version:  v16.14.0
[debug] [2023-02-01T21:27:53.340Z] Time:          Wed Feb 01 2023 13:27:53 GMT-0800 (Pacific Standard Time)
[debug] [2023-02-01T21:27:53.340Z] ----------------------------------------------------------------------
[debug] 
[debug] [2023-02-01T21:27:53.411Z] > command requires scopes: ["email","openid","https://www.googleapis.com/auth/cloudplatformprojects.readonly","https://www.googleapis.com/auth/firebase","https://www.googleapis.com/auth/cloud-platform"]
[debug] [2023-02-01T21:27:53.411Z] > authorizing via signed-in user (yacobcoby@gmail.com)
[debug] [2023-02-01T21:27:53.411Z] [iam] checking project next-query for permissions ["firebase.projects.get","firebasehosting.sites.update"]
[debug] [2023-02-01T21:27:53.413Z] >>> [apiv2][query] POST https://cloudresourcemanager.googleapis.com/v1/projects/next-query:testIamPermissions [none]
[debug] [2023-02-01T21:27:53.413Z] >>> [apiv2][(partial)header] POST https://cloudresourcemanager.googleapis.com/v1/projects/next-query:testIamPermissions x-goog-quota-user=projects/next-query
[debug] [2023-02-01T21:27:53.413Z] >>> [apiv2][body] POST https://cloudresourcemanager.googleapis.com/v1/projects/next-query:testIamPermissions {"permissions":["firebase.projects.get","firebasehosting.sites.update"]}
[debug] [2023-02-01T21:27:53.606Z] <<< [apiv2][status] POST https://cloudresourcemanager.googleapis.com/v1/projects/next-query:testIamPermissions 200
[debug] [2023-02-01T21:27:53.607Z] <<< [apiv2][body] POST https://cloudresourcemanager.googleapis.com/v1/projects/next-query:testIamPermissions {"permissions":["firebase.projects.get","firebasehosting.sites.update"]}
[debug] [2023-02-01T21:27:53.610Z] >>> [apiv2][query] GET https://firebase.googleapis.com/v1beta1/projects/next-query [none]
[debug] [2023-02-01T21:27:53.850Z] <<< [apiv2][status] GET https://firebase.googleapis.com/v1beta1/projects/next-query 200
[debug] [2023-02-01T21:27:53.851Z] <<< [apiv2][body] GET https://firebase.googleapis.com/v1beta1/projects/next-query {"projectId":"next-query","projectNumber":"946520082494","displayName":"Next-Query","name":"projects/next-query","resources":{"hostingSite":"next-query"},"state":"ACTIVE","etag":"1_d019385c-007d-48ff-8d35-b73a9c0a331b"}
[debug] [2023-02-01T21:28:57.924Z] Error: Build failed with 4 errors:
node_modules/enhanced-resolve/lib/ResolverFactory.js:126:17: ERROR: Could not resolve "pnpapi"
node_modules/terser-webpack-plugin/dist/utils.js:493:14: ERROR: Could not resolve "uglify-js"
node_modules/terser-webpack-plugin/dist/utils.js:571:22: ERROR: Could not resolve "@swc/core"
node_modules/terser-webpack-plugin/dist/utils.js:661:26: ERROR: Could not resolve "esbuild"
    at failureErrorWithLog (/home/bing/dev/lang/nodejs/node-v16.14.0-linux-x64/lib/node_modules/firebase-tools/node_modules/esbuild/lib/main.js:1566:15)
    at /home/bing/dev/lang/nodejs/node-v16.14.0-linux-x64/lib/node_modules/firebase-tools/node_modules/esbuild/lib/main.js:1024:28
    at /home/bing/dev/lang/nodejs/node-v16.14.0-linux-x64/lib/node_modules/firebase-tools/node_modules/esbuild/lib/main.js:969:67
    at buildResponseToResult (/home/bing/dev/lang/nodejs/node-v16.14.0-linux-x64/lib/node_modules/firebase-tools/node_modules/esbuild/lib/main.js:1022:7)
    at /home/bing/dev/lang/nodejs/node-v16.14.0-linux-x64/lib/node_modules/firebase-tools/node_modules/esbuild/lib/main.js:1134:14
    at responseCallbacks.<computed> (/home/bing/dev/lang/nodejs/node-v16.14.0-linux-x64/lib/node_modules/firebase-tools/node_modules/esbuild/lib/main.js:671:9)
    at handleIncomingPacket (/home/bing/dev/lang/nodejs/node-v16.14.0-linux-x64/lib/node_modules/firebase-tools/node_modules/esbuild/lib/main.js:726:9)
    at Socket.readFromStdout (/home/bing/dev/lang/nodejs/node-v16.14.0-linux-x64/lib/node_modules/firebase-tools/node_modules/esbuild/lib/main.js:647:7)
    at Socket.emit (node:events:520:28)
    at Socket.emit (node:domain:475:12)
    at addChunk (node:internal/streams/readable:315:12)
    at readableAddChunk (node:internal/streams/readable:289:9)
    at Socket.Readable.push (node:internal/streams/readable:228:10)
    at Pipe.onStreamRead (node:internal/stream_base_commons:190:23)
[error] 
[error] Error: An unexpected error has occurred.
